This is pdfTeX, Version 3.14159265-2.6-1.40.16 (TeX Live 2015/Debian) (preloaded format=pdflatex 2016.9.5)  1 JUN 2017 19:55
entering extended mode
 restricted \write18 enabled.
 %&-line parsing enabled.
**ntwrk.tex
(./ntwrk.tex
LaTeX2e <2016/02/01>
Babel <3.9q> and hyphenation patterns for 81 language(s) loaded.
(/usr/share/texlive/texmf-dist/tex/latex/base/article.cls
Document Class: article 2014/09/29 v1.4h Standard LaTeX document class
(/usr/share/texlive/texmf-dist/tex/latex/base/size11.clo
File: size11.clo 2014/09/29 v1.4h Standard LaTeX file (size option)
)
\c@part=\count79
\c@section=\count80
\c@subsection=\count81
\c@subsubsection=\count82
\c@paragraph=\count83
\c@subparagraph=\count84
\c@figure=\count85
\c@table=\count86
\abovecaptionskip=\skip41
\belowcaptionskip=\skip42
\bibindent=\dimen102
)
(/usr/share/texlive/texmf-dist/tex/latex/tocloft/tocloft.sty
Package: tocloft 2013/05/02 v2.3f parameterised ToC, etc., typesetting
Package tocloft Info: The document has section divisions on input line 44.
\cftparskip=\skip43
\cftbeforetoctitleskip=\skip44
\cftaftertoctitleskip=\skip45
\cftbeforepartskip=\skip46
\cftpartnumwidth=\skip47
\cftpartindent=\skip48
\cftbeforesecskip=\skip49
\cftsecindent=\skip50
\cftsecnumwidth=\skip51
\cftbeforesubsecskip=\skip52
\cftsubsecindent=\skip53
\cftsubsecnumwidth=\skip54
\cftbeforesubsubsecskip=\skip55
\cftsubsubsecindent=\skip56
\cftsubsubsecnumwidth=\skip57
\cftbeforeparaskip=\skip58
\cftparaindent=\skip59
\cftparanumwidth=\skip60
\cftbeforesubparaskip=\skip61
\cftsubparaindent=\skip62
\cftsubparanumwidth=\skip63
\cftbeforeloftitleskip=\skip64
\cftafterloftitleskip=\skip65
\cftbeforefigskip=\skip66
\cftfigindent=\skip67
\cftfignumwidth=\skip68
\c@lofdepth=\count87
\c@lotdepth=\count88
\cftbeforelottitleskip=\skip69
\cftafterlottitleskip=\skip70
\cftbeforetabskip=\skip71
\cfttabindent=\skip72
\cfttabnumwidth=\skip73
)
(/usr/share/texlive/texmf-dist/tex/latex/listings/listings.sty
(/usr/share/texlive/texmf-dist/tex/latex/graphics/keyval.sty
Package: keyval 2014/10/28 v1.15 key=value parser (DPC)
\KV@toks@=\toks14
)
\lst@mode=\count89
\lst@gtempboxa=\box26
\lst@token=\toks15
\lst@length=\count90
\lst@currlwidth=\dimen103
\lst@column=\count91
\lst@pos=\count92
\lst@lostspace=\dimen104
\lst@width=\dimen105
\lst@newlines=\count93
\lst@lineno=\count94
\lst@maxwidth=\dimen106

(/usr/share/texlive/texmf-dist/tex/latex/listings/lstmisc.sty
File: lstmisc.sty 2015/06/04 1.6 (Carsten Heinz)
\c@lstnumber=\count95
\lst@skipnumbers=\count96
\lst@framebox=\box27
)
(/usr/share/texlive/texmf-dist/tex/latex/listings/listings.cfg
File: listings.cfg 2015/06/04 1.6 listings configuration
))
Package: listings 2015/06/04 1.6 (Carsten Heinz)

(/usr/share/texlive/texmf-dist/tex/latex/xcolor/xcolor.sty
Package: xcolor 2007/01/21 v2.11 LaTeX color extensions (UK)

(/usr/share/texlive/texmf-dist/tex/latex/latexconfig/color.cfg
File: color.cfg 2007/01/18 v1.5 color configuration of teTeX/TeXLive
)
Package xcolor Info: Driver file: pdftex.def on input line 225.

(/usr/share/texlive/texmf-dist/tex/latex/pdftex-def/pdftex.def
File: pdftex.def 2011/05/27 v0.06d Graphics/color for pdfTeX

(/usr/share/texlive/texmf-dist/tex/generic/oberdiek/infwarerr.sty
Package: infwarerr 2010/04/08 v1.3 Providing info/warning/error messages (HO)
)
(/usr/share/texlive/texmf-dist/tex/generic/oberdiek/ltxcmds.sty
Package: ltxcmds 2011/11/09 v1.22 LaTeX kernel commands for general use (HO)
)
\Gread@gobject=\count97
)
Package xcolor Info: Model `cmy' substituted by `cmy0' on input line 1337.
Package xcolor Info: Model `hsb' substituted by `rgb' on input line 1341.
Package xcolor Info: Model `RGB' extended on input line 1353.
Package xcolor Info: Model `HTML' substituted by `rgb' on input line 1355.
Package xcolor Info: Model `Hsb' substituted by `hsb' on input line 1356.
Package xcolor Info: Model `tHsb' substituted by `hsb' on input line 1357.
Package xcolor Info: Model `HSB' substituted by `hsb' on input line 1358.
Package xcolor Info: Model `Gray' substituted by `gray' on input line 1359.
Package xcolor Info: Model `wave' substituted by `hsb' on input line 1360.
)
(/usr/share/texlive/texmf-dist/tex/latex/preprint/fullpage.sty
Package: fullpage 1999/02/23 1.1 (PWD)
\FP@margin=\skip74
)
(/usr/share/texlive/texmf-dist/tex/latex/float/float.sty
Package: float 2001/11/08 v1.3d Float enhancements (AL)
\c@float@type=\count98
\float@exts=\toks16
\float@box=\box28
\@float@everytoks=\toks17
\@floatcapt=\box29
)
(/usr/share/texlive/texmf-dist/tex/latex/amsfonts/amsfonts.sty
Package: amsfonts 2013/01/14 v3.01 Basic AMSFonts support
\@emptytoks=\toks18
\symAMSa=\mathgroup4
\symAMSb=\mathgroup5
LaTeX Font Info:    Overwriting math alphabet `\mathfrak' in version `bold'
(Font)                  U/euf/m/n --> U/euf/b/n on input line 106.
)
(/usr/share/texlive/texmf-dist/tex/latex/sectsty/sectsty.sty
Package: sectsty 2002/02/25 v2.0.2 Commands to change all sectional heading sty
les
)
(/usr/share/texlive/texmf-dist/tex/latex/graphics/graphicx.sty
Package: graphicx 2014/10/28 v1.0g Enhanced LaTeX Graphics (DPC,SPQR)

(/usr/share/texlive/texmf-dist/tex/latex/graphics/graphics.sty
Package: graphics 2016/01/03 v1.0q Standard LaTeX Graphics (DPC,SPQR)

(/usr/share/texlive/texmf-dist/tex/latex/graphics/trig.sty
Package: trig 2016/01/03 v1.10 sin cos tan (DPC)
)
(/usr/share/texlive/texmf-dist/tex/latex/latexconfig/graphics.cfg
File: graphics.cfg 2010/04/23 v1.9 graphics configuration of TeX Live
)
Package graphics Info: Driver file: pdftex.def on input line 95.
)
\Gin@req@height=\dimen107
\Gin@req@width=\dimen108
)
(/usr/share/texlive/texmf-dist/tex/latex/geometry/geometry.sty
Package: geometry 2010/09/12 v5.6 Page Geometry

(/usr/share/texlive/texmf-dist/tex/generic/oberdiek/ifpdf.sty
Package: ifpdf 2011/01/30 v2.3 Provides the ifpdf switch (HO)
Package ifpdf Info: pdfTeX in PDF mode is detected.
)
(/usr/share/texlive/texmf-dist/tex/generic/oberdiek/ifvtex.sty
Package: ifvtex 2010/03/01 v1.5 Detect VTeX and its facilities (HO)
Package ifvtex Info: VTeX not detected.
)
(/usr/share/texlive/texmf-dist/tex/generic/ifxetex/ifxetex.sty
Package: ifxetex 2010/09/12 v0.6 Provides ifxetex conditional
)
\Gm@cnth=\count99
\Gm@cntv=\count100
\c@Gm@tempcnt=\count101
\Gm@bindingoffset=\dimen109
\Gm@wd@mp=\dimen110
\Gm@odd@mp=\dimen111
\Gm@even@mp=\dimen112
\Gm@layoutwidth=\dimen113
\Gm@layoutheight=\dimen114
\Gm@layouthoffset=\dimen115
\Gm@layoutvoffset=\dimen116
\Gm@dimlist=\toks19
)
(/usr/share/texlive/texmf-dist/tex/latex/fancyhdr/fancyhdr.sty
\fancy@headwidth=\skip75
\f@ncyO@elh=\skip76
\f@ncyO@erh=\skip77
\f@ncyO@olh=\skip78
\f@ncyO@orh=\skip79
\f@ncyO@elf=\skip80
\f@ncyO@erf=\skip81
\f@ncyO@olf=\skip82
\f@ncyO@orf=\skip83
)
(/usr/share/texlive/texmf-dist/tex/latex/booktabs/booktabs.sty
Package: booktabs 2005/04/14 v1.61803 publication quality tables
\heavyrulewidth=\dimen117
\lightrulewidth=\dimen118
\cmidrulewidth=\dimen119
\belowrulesep=\dimen120
\belowbottomsep=\dimen121
\aboverulesep=\dimen122
\abovetopsep=\dimen123
\cmidrulesep=\dimen124
\cmidrulekern=\dimen125
\defaultaddspace=\dimen126
\@cmidla=\count102
\@cmidlb=\count103
\@aboverulesep=\dimen127
\@belowrulesep=\dimen128
\@thisruleclass=\count104
\@lastruleclass=\count105
\@thisrulewidth=\dimen129
)
(/usr/share/texlive/texmf-dist/tex/latex/tools/tabularx.sty
Package: tabularx 2014/10/28 v2.10 `tabularx' package (DPC)

(/usr/share/texlive/texmf-dist/tex/latex/tools/array.sty
Package: array 2014/10/28 v2.4c Tabular extension package (FMi)
\col@sep=\dimen130
\extrarowheight=\dimen131
\NC@list=\toks20
\extratabsurround=\skip84
\backup@length=\skip85
)
\TX@col@width=\dimen132
\TX@old@table=\dimen133
\TX@old@col=\dimen134
\TX@target=\dimen135
\TX@delta=\dimen136
\TX@cols=\count106
\TX@ftn=\toks21
)
(/usr/share/texlive/texmf-dist/tex/latex/listings/lstlang1.sty
File: lstlang1.sty 2015/06/04 1.6 listings language file
)
(/usr/share/texlive/texmf-dist/tex/latex/listings/lstmisc.sty
File: lstmisc.sty 2015/06/04 1.6 (Carsten Heinz)
) (./ntwrk.aux)
\openout1 = `ntwrk.aux'.

LaTeX Font Info:    Checking defaults for OML/cmm/m/it on input line 73.
LaTeX Font Info:    ... okay on input line 73.
LaTeX Font Info:    Checking defaults for T1/cmr/m/n on input line 73.
LaTeX Font Info:    ... okay on input line 73.
LaTeX Font Info:    Checking defaults for OT1/cmr/m/n on input line 73.
LaTeX Font Info:    ... okay on input line 73.
LaTeX Font Info:    Checking defaults for OMS/cmsy/m/n on input line 73.
LaTeX Font Info:    ... okay on input line 73.
LaTeX Font Info:    Checking defaults for OMX/cmex/m/n on input line 73.
LaTeX Font Info:    ... okay on input line 73.
LaTeX Font Info:    Checking defaults for U/cmr/m/n on input line 73.
LaTeX Font Info:    ... okay on input line 73.
\c@lstlisting=\count107

(/usr/share/texlive/texmf-dist/tex/context/base/supp-pdf.mkii
[Loading MPS to PDF converter (version 2006.09.02).]
\scratchcounter=\count108
\scratchdimen=\dimen137
\scratchbox=\box30
\nofMPsegments=\count109
\nofMParguments=\count110
\everyMPshowfont=\toks22
\MPscratchCnt=\count111
\MPscratchDim=\dimen138
\MPnumerator=\count112
\makeMPintoPDFobject=\count113
\everyMPtoPDFconversion=\toks23
) (/usr/share/texlive/texmf-dist/tex/generic/oberdiek/pdftexcmds.sty
Package: pdftexcmds 2011/11/29 v0.20 Utility functions of pdfTeX for LuaTeX (HO
)

(/usr/share/texlive/texmf-dist/tex/generic/oberdiek/ifluatex.sty
Package: ifluatex 2010/03/01 v1.3 Provides the ifluatex switch (HO)
Package ifluatex Info: LuaTeX not detected.
)
Package pdftexcmds Info: LuaTeX not detected.
Package pdftexcmds Info: \pdf@primitive is available.
Package pdftexcmds Info: \pdf@ifprimitive is available.
Package pdftexcmds Info: \pdfdraftmode found.
)
(/usr/share/texlive/texmf-dist/tex/latex/oberdiek/epstopdf-base.sty
Package: epstopdf-base 2010/02/09 v2.5 Base part for package epstopdf

(/usr/share/texlive/texmf-dist/tex/latex/oberdiek/grfext.sty
Package: grfext 2010/08/19 v1.1 Manage graphics extensions (HO)

(/usr/share/texlive/texmf-dist/tex/generic/oberdiek/kvdefinekeys.sty
Package: kvdefinekeys 2011/04/07 v1.3 Define keys (HO)
))
(/usr/share/texlive/texmf-dist/tex/latex/oberdiek/kvoptions.sty
Package: kvoptions 2011/06/30 v3.11 Key value format for package options (HO)

(/usr/share/texlive/texmf-dist/tex/generic/oberdiek/kvsetkeys.sty
Package: kvsetkeys 2012/04/25 v1.16 Key value parser (HO)

(/usr/share/texlive/texmf-dist/tex/generic/oberdiek/etexcmds.sty
Package: etexcmds 2011/02/16 v1.5 Avoid name clashes with e-TeX commands (HO)
Package etexcmds Info: Could not find \expanded.
(etexcmds)             That can mean that you are not using pdfTeX 1.50 or
(etexcmds)             that some package has redefined \expanded.
(etexcmds)             In the latter case, load this package earlier.
)))
Package grfext Info: Graphics extension search list:
(grfext)             [.png,.pdf,.jpg,.mps,.jpeg,.jbig2,.jb2,.PNG,.PDF,.JPG,.JPE
G,.JBIG2,.JB2,.eps]
(grfext)             \AppendGraphicsExtensions on input line 452.

(/usr/share/texlive/texmf-dist/tex/latex/latexconfig/epstopdf-sys.cfg
File: epstopdf-sys.cfg 2010/07/13 v1.3 Configuration of (r)epstopdf for TeX Liv
e
))
*geometry* driver: auto-detecting
*geometry* detected driver: pdftex
*geometry* verbose mode - [ preamble ] result:
* driver: pdftex
* paper: a4paper
* layout: <same size as paper>
* layoutoffset:(h,v)=(0.0pt,0.0pt)
* modes: includefoot 
* h-part:(L,W,R)=(43.36243pt, 510.78302pt, 43.36243pt)
* v-part:(T,H,B)=(43.36243pt, 758.32199pt, 43.36243pt)
* \paperwidth=597.50787pt
* \paperheight=845.04684pt
* \textwidth=510.78302pt
* \textheight=728.32199pt
* \oddsidemargin=-28.90756pt
* \evensidemargin=-28.90756pt
* \topmargin=-36.135pt
* \headheight=0.0pt
* \headsep=7.22743pt
* \topskip=11.0pt
* \footskip=30.0pt
* \marginparwidth=50.0pt
* \marginparsep=10.0pt
* \columnsep=10.0pt
* \skip\footins=10.0pt plus 4.0pt minus 2.0pt
* \hoffset=0.0pt
* \voffset=0.0pt
* \mag=1000
* \@twocolumnfalse
* \@twosidefalse
* \@mparswitchfalse
* \@reversemarginfalse
* (1in=72.27pt=25.4mm, 1cm=28.453pt)


Underfull \hbox (badness 10000) in paragraph at lines 76--76

 []


Underfull \hbox (badness 10000) in paragraph at lines 76--76

 []


Underfull \hbox (badness 10000) in paragraph at lines 76--76

 []

</home/mouri/Pictures/makaut.jpg, id=1, 304.13625pt x 251.94125pt>
File: /home/mouri/Pictures/makaut.jpg Graphic file (type jpg)

<use /home/mouri/Pictures/makaut.jpg>
Package pdftex.def Info: /home/mouri/Pictures/makaut.jpg used on input line 76.

(pdftex.def)             Requested size: 89.99785pt x 74.55267pt.

Underfull \hbox (badness 10000) in paragraph at lines 76--76

 []


Underfull \hbox (badness 10000) in paragraph at lines 76--76

 []


Underfull \hbox (badness 10000) in paragraph at lines 76--76

 []


Underfull \hbox (badness 10000) in paragraph at lines 76--76

 []

LaTeX Font Info:    Try loading font information for U+msa on input line 76.
(/usr/share/texlive/texmf-dist/tex/latex/amsfonts/umsa.fd
File: umsa.fd 2013/01/14 v3.01 AMS symbols A
)
LaTeX Font Info:    Try loading font information for U+msb on input line 76.

(/usr/share/texlive/texmf-dist/tex/latex/amsfonts/umsb.fd
File: umsb.fd 2013/01/14 v3.01 AMS symbols B
)
Underfull \hbox (badness 10000) in paragraph at lines 76--76

 []


Underfull \hbox (badness 10000) in paragraph at lines 76--76

 []


Underfull \hbox (badness 10000) in paragraph at lines 76--76

 []

(./ntwrk.toc [1

{/var/lib/texmf/fonts/map/pdftex/updmap/pdftex.map} </home/mouri/Pictures/makau
t.jpg>])
\tf@toc=\write3
\openout3 = `ntwrk.toc'.

 [2] (/home/mouri/networking/latex/echoserver.c
LaTeX Font Info:    Try loading font information for OMS+cmr on input line 1.

(/usr/share/texlive/texmf-dist/tex/latex/base/omscmr.fd
File: omscmr.fd 2014/09/29 v2.5h Standard LaTeX font definitions
)
LaTeX Font Info:    Font shape `OMS/cmr/m/it' in size <12> not available
(Font)              Font shape `OMS/cmsy/m/n' tried instead on input line 1.
LaTeX Font Info:    Try loading font information for OML+cmr on input line 3.

(/usr/share/texlive/texmf-dist/tex/latex/base/omlcmr.fd
File: omlcmr.fd 2014/09/29 v2.5h Standard LaTeX font definitions
)
LaTeX Font Info:    Font shape `OML/cmr/m/n' in size <12> not available
(Font)              Font shape `OML/cmm/m/it' tried instead on input line 3.
LaTeX Font Info:    Font shape `OMS/cmr/m/n' in size <12> not available
(Font)              Font shape `OMS/cmsy/m/n' tried instead on input line 10.
)
(/home/mouri/networking/latex/echoclient.c [3])
</home/mouri/networking/latex/tcp.png, id=22, 1195.46625pt x 580.1675pt>
File: /home/mouri/networking/latex/tcp.png Graphic file (type png)

<use /home/mouri/networking/latex/tcp.png>
Package pdftex.def Info: /home/mouri/networking/latex/tcp.png used on input lin
e 117.
(pdftex.def)             Requested size: 349.99625pt x 169.85544pt.
 [4 </home/mouri/networking/latex/tcp.png>] (/home/mouri/networking/latex/userv
er.c [5])
(/home/mouri/networking/latex/uclient.c)
</home/mouri/networking/latex/udp.png, id=31, 1195.46625pt x 580.1675pt>
File: /home/mouri/networking/latex/udp.png Graphic file (type png)

<use /home/mouri/networking/latex/udp.png>
Package pdftex.def Info: /home/mouri/networking/latex/udp.png used on input lin
e 133.
(pdftex.def)             Requested size: 349.99625pt x 169.85544pt.
 [6]
(/home/mouri/networking/latex/mserver.c [7 </home/mouri/networking/latex/udp.pn
g>]) (/home/mouri/networking/latex/mclient.c [8])
</home/mouri/networking/latex/math.png, id=43, 1195.46625pt x 580.1675pt>
File: /home/mouri/networking/latex/math.png Graphic file (type png)

<use /home/mouri/networking/latex/math.png>
Package pdftex.def Info: /home/mouri/networking/latex/math.png used on input li
ne 149.
(pdftex.def)             Requested size: 349.99625pt x 169.85544pt.
 [9]
(/home/mouri/networking/latex/dserver.c [10 </home/mouri/networking/latex/math.
png>]) (/home/mouri/networking/latex/dclient.c [11])
</home/mouri/networking/latex/day.png, id=54, 1195.46625pt x 580.1675pt>
File: /home/mouri/networking/latex/day.png Graphic file (type png)

<use /home/mouri/networking/latex/day.png>
Package pdftex.def Info: /home/mouri/networking/latex/day.png used on input lin
e 162.
(pdftex.def)             Requested size: 349.99625pt x 169.85544pt.

(/home/mouri/networking/latex/conserver.c [12 </home/mouri/networking/latex/day
.png>]) (/home/mouri/networking/latex/conclient.c [13])
</home/mouri/networking/latex/conc.png, id=63, 1002.74625pt x 550.055pt>
File: /home/mouri/networking/latex/conc.png Graphic file (type png)

<use /home/mouri/networking/latex/conc.png>
Package pdftex.def Info: /home/mouri/networking/latex/conc.png used on input li
ne 175.
(pdftex.def)             Requested size: 350.0025pt x 191.99336pt.

(/home/mouri/networking/latex/fsrvr.c [14 </home/mouri/networking/latex/conc.pn
g>]
Overfull \hbox (10.91608pt too wide) in paragraph at lines 52--53
[][][][][][][][][][][][][][][][][][][][][][][][][][] 
 []


Overfull \hbox (3.86609pt too wide) in paragraph at lines 54--55
[][][][][][][][][][][][][][][][][][][][][][][][][][] 
 []

) (/home/mouri/networking/latex/fclnt.c [15])
</home/mouri/networking/latex/file.png, id=71, 1091.07625pt x 550.055pt>
File: /home/mouri/networking/latex/file.png Graphic file (type png)

<use /home/mouri/networking/latex/file.png>
Package pdftex.def Info: /home/mouri/networking/latex/file.png used on input li
ne 188.
(pdftex.def)             Requested size: 350.00061pt x 176.44923pt.
 [16]
(/home/mouri/networking/latex/multisrvr.c [17 </home/mouri/networking/latex/fil
e.png>]) (/home/mouri/networking/latex/multiclnt.c [18])
</home/mouri/networking/latex/multi.png, id=82, 1195.46625pt x 580.1675pt>
File: /home/mouri/networking/latex/multi.png Graphic file (type png)

<use /home/mouri/networking/latex/multi.png>
Package pdftex.def Info: /home/mouri/networking/latex/multi.png used on input l
ine 201.
(pdftex.def)             Requested size: 349.99625pt x 169.85544pt.

(/home/mouri/networking/latex/broadclnt.c
Overfull \hbox (3.86609pt too wide) in paragraph at lines 19--20
[][][][][][][][][][][][][][][][][][][][][][] 
 []


Overfull \hbox (3.86609pt too wide) in paragraph at lines 20--22
[][][][][][][][][][][][][][][][][][][][][][][][][] 
 []

[19 </home/mouri/networking/latex/multi.png>]
Overfull \hbox (3.86609pt too wide) in paragraph at lines 47--48
[][][][][][][] 
 []


Overfull \hbox (17.96606pt too wide) in paragraph at lines 54--55
[][][][][][][][][][][][][][][][][][][][][][][][][] 
 []


Overfull \hbox (46.16602pt too wide) in paragraph at lines 56--58
[][][][][][][][][][][][][][][][][][][][][][][][][][] 
 []

) (/home/mouri/networking/latex/broadsrvr.c [20]
Overfull \hbox (25.01605pt too wide) in paragraph at lines 23--24
[][][][][][][][][][][][][][][][][][][][][][][][][][][][][][] 
 []


Overfull \hbox (3.86609pt too wide) in paragraph at lines 30--31
[][][][][][][][][][][][][][][][][][][][] 
 []

) </home/mouri/networking/latex/broad.png, id=91, 1038.88126pt x 593.21625pt>
File: /home/mouri/networking/latex/broad.png Graphic file (type png)

<use /home/mouri/networking/latex/broad.png>
Package pdftex.def Info: /home/mouri/networking/latex/broad.png used on input l
ine 214.
(pdftex.def)             Requested size: 349.997pt x 199.85335pt.
 [21 </home/mouri/networking/latex/broad.png>] (./ntwrk.aux) ) 
Here is how much of TeX's memory you used:
 5008 strings out of 493029
 71007 string characters out of 6136235
 195237 words of memory out of 5000000
 8404 multiletter control sequences out of 15000+600000
 13253 words of font info for 49 fonts, out of 8000000 for 9000
 1141 hyphenation exceptions out of 8191
 38i,12n,49p,243b,1536s stack positions out of 5000i,500n,10000p,200000b,80000s
</usr/share/texli
ve/texmf-dist/fonts/type1/public/amsfonts/cm/cmbx10.pfb></usr/share/texlive/tex
mf-dist/fonts/type1/public/amsfonts/cm/cmbx12.pfb></usr/share/texlive/texmf-dis
t/fonts/type1/public/amsfonts/cm/cmcsc10.pfb></usr/share/texlive/texmf-dist/fon
ts/type1/public/amsfonts/cm/cmmi12.pfb></usr/share/texlive/texmf-dist/fonts/typ
e1/public/amsfonts/cm/cmr10.pfb></usr/share/texlive/texmf-dist/fonts/type1/publ
ic/amsfonts/cm/cmr12.pfb></usr/share/texlive/texmf-dist/fonts/type1/public/amsf
onts/cm/cmr8.pfb></usr/share/texlive/texmf-dist/fonts/type1/public/amsfonts/cm/
cmsy10.pfb></usr/share/texlive/texmf-dist/fonts/type1/public/amsfonts/cm/cmti12
.pfb>
Output written on ntwrk.pdf (21 pages, 663397 bytes).
PDF statistics:
 126 PDF objects out of 1000 (max. 8388607)
 76 compressed objects within 1 object stream
 0 named destinations out of 1000 (max. 500000)
 46 words of extra memory for PDF output out of 10000 (max. 10000000)

